# JRE version: OpenJDK Runtime Environment (8.0_152-b01) (build 1.8.0_152-release-1343-b01)
# Java VM: OpenJDK 64-Bit Server VM (25.152-b01 mixed mode windows-amd64 compressed oops)
Heap:
 PSYoungGen      total 155648K, used 28506K [0x00000000e0000000, 0x00000000ece00000, 0x0000000100000000)
  eden space 139776K, 20% used [0x00000000e0000000,0x00000000e1bd6af8,0x00000000e8880000)
  from space 15872K, 0% used [0x00000000ebe80000,0x00000000ebe80000,0x00000000ece00000)
  to   space 14336K, 0% used [0x00000000e8880000,0x00000000e8880000,0x00000000e9680000)
 ParOldGen       total 87552K, used 27283K [0x00000000a0000000, 0x00000000a5580000, 0x00000000e0000000)
  object space 87552K, 31% used [0x00000000a0000000,0x00000000a1aa4e38,0x00000000a5580000)
 Metaspace       used 59183K, capacity 60880K, committed 61056K, reserved 1101824K
  class space    used 8069K, capacity 8471K, committed 8576K, reserved 1048576K
GC Heap History (10 events):
Event: 5.845 GC heap before
{Heap before GC invocations=11 (full 2):
 PSYoungGen      total 117760K, used 10392K [0x00000000e0000000, 0x00000000ea480000, 0x0000000100000000)
  eden space 106496K, 0% used [0x00000000e0000000,0x00000000e0000000,0x00000000e6800000)
  from space 11264K, 92% used [0x00000000e6800000,0x00000000e7226310,0x00000000e7300000)
  to   space 11776K, 0% used [0x00000000e9900000,0x00000000e9900000,0x00000000ea480000)
 ParOldGen       total 57344K, used 7746K [0x00000000a0000000, 0x00000000a3800000, 0x00000000e0000000)
  object space 57344K, 13% used [0x00000000a0000000,0x00000000a0790a18,0x00000000a3800000)
 Metaspace       used 34610K, capacity 35372K, committed 35496K, reserved 1079296K
  class space    used 4783K, capacity 5006K, committed 5120K, reserved 1048576K
Event: 5.916 GC heap after
Heap after GC invocations=11 (full 2):
 PSYoungGen      total 117760K, used 0K [0x00000000e0000000, 0x00000000ea480000, 0x0000000100000000)
  eden space 106496K, 0% used [0x00000000e0000000,0x00000000e0000000,0x00000000e6800000)
  from space 11264K, 0% used [0x00000000e6800000,0x00000000e6800000,0x00000000e7300000)
  to   space 11776K, 0% used [0x00000000e9900000,0x00000000e9900000,0x00000000ea480000)
 ParOldGen       total 87552K, used 17295K [0x00000000a0000000, 0x00000000a5580000, 0x00000000e0000000)
  object space 87552K, 19% used [0x00000000a0000000,0x00000000a10e3d48,0x00000000a5580000)
 Metaspace       used 34601K, capacity 35342K, committed 35496K, reserved 1079296K
  class space    used 4781K, capacity 5001K, committed 5120K, reserved 1048576K
}
Event: 7.335 GC heap before
{Heap before GC invocations=12 (full 2):
 PSYoungGen      total 117760K, used 106496K [0x00000000e0000000, 0x00000000ea480000, 0x0000000100000000)
  eden space 106496K, 100% used [0x00000000e0000000,0x00000000e6800000,0x00000000e6800000)
  from space 11264K, 0% used [0x00000000e6800000,0x00000000e6800000,0x00000000e7300000)
  to   space 11776K, 0% used [0x00000000e9900000,0x00000000e9900000,0x00000000ea480000)
 ParOldGen       total 87552K, used 17295K [0x00000000a0000000, 0x00000000a5580000, 0x00000000e0000000)
  object space 87552K, 19% used [0x00000000a0000000,0x00000000a10e3d48,0x00000000a5580000)
 Metaspace       used 44631K, capacity 45586K, committed 45696K, reserved 1089536K
  class space    used 6016K, capacity 6261K, committed 6272K, reserved 1048576K
Event: 7.353 GC heap after
Heap after GC invocations=12 (full 2):
 PSYoungGen      total 150528K, used 11775K [0x00000000e0000000, 0x00000000ea480000, 0x0000000100000000)
  eden space 138752K, 0% used [0x00000000e0000000,0x00000000e0000000,0x00000000e8780000)
  from space 11776K, 99% used [0x00000000e9900000,0x00000000ea47ffd0,0x00000000ea480000)
  to   space 14336K, 0% used [0x00000000e8880000,0x00000000e8880000,0x00000000e9680000)
 ParOldGen       total 87552K, used 19862K [0x00000000a0000000, 0x00000000a5580000, 0x00000000e0000000)
  object space 87552K, 22% used [0x00000000a0000000,0x00000000a1365890,0x00000000a5580000)
 Metaspace       used 44631K, capacity 45586K, committed 45696K, reserved 1089536K
  class space    used 6016K, capacity 6261K, committed 6272K, reserved 1048576K
}
Event: 8.909 GC heap before
{Heap before GC invocations=13 (full 2):
 PSYoungGen      total 150528K, used 150527K [0x00000000e0000000, 0x00000000ea480000, 0x0000000100000000)
  eden space 138752K, 100% used [0x00000000e0000000,0x00000000e8780000,0x00000000e8780000)
  from space 11776K, 99% used [0x00000000e9900000,0x00000000ea47ffd0,0x00000000ea480000)
  to   space 14336K, 0% used [0x00000000e8880000,0x00000000e8880000,0x00000000e9680000)
 ParOldGen       total 87552K, used 19862K [0x00000000a0000000, 0x00000000a5580000, 0x00000000e0000000)
  object space 87552K, 22% used [0x00000000a0000000,0x00000000a1365890,0x00000000a5580000)
 Metaspace       used 57206K, capacity 58762K, committed 58880K, reserved 1099776K
  class space    used 7743K, capacity 8136K, committed 8192K, reserved 1048576K
Event: 8.930 GC heap after
Heap after GC invocations=13 (full 2):
 PSYoungGen      total 154112K, used 13921K [0x00000000e0000000, 0x00000000ece00000, 0x0000000100000000)
  eden space 139776K, 0% used [0x00000000e0000000,0x00000000e0000000,0x00000000e8880000)
  from space 14336K, 97% used [0x00000000e8880000,0x00000000e9618540,0x00000000e9680000)
  to   space 15872K, 0% used [0x00000000ebe80000,0x00000000ebe80000,0x00000000ece00000)
 ParOldGen       total 87552K, used 27238K [0x00000000a0000000, 0x00000000a5580000, 0x00000000e0000000)
  object space 87552K, 31% used [0x00000000a0000000,0x00000000a1a99958,0x00000000a5580000)
 Metaspace       used 57206K, capacity 58762K, committed 58880K, reserved 1099776K
  class space    used 7743K, capacity 8136K, committed 8192K, reserved 1048576K
}
Event: 9.029 GC heap before
{Heap before GC invocations=14 (full 2):
 PSYoungGen      total 154112K, used 23064K [0x00000000e0000000, 0x00000000ece00000, 0x0000000100000000)
  eden space 139776K, 6% used [0x00000000e0000000,0x00000000e08edcf8,0x00000000e8880000)
  from space 14336K, 97% used [0x00000000e8880000,0x00000000e9618540,0x00000000e9680000)
  to   space 15872K, 0% used [0x00000000ebe80000,0x00000000ebe80000,0x00000000ece00000)
 ParOldGen       total 87552K, used 27238K [0x00000000a0000000, 0x00000000a5580000, 0x00000000e0000000)
  object space 87552K, 31% used [0x00000000a0000000,0x00000000a1a99958,0x00000000a5580000)
 Metaspace       used 57616K, capacity 59086K, committed 59136K, reserved 1099776K
  class space    used 7806K, capacity 8180K, committed 8192K, reserved 1048576K
Event: 9.037 GC heap after
Heap after GC invocations=14 (full 2):
 PSYoungGen      total 155648K, used 608K [0x00000000e0000000, 0x00000000ece00000, 0x0000000100000000)
  eden space 139776K, 0% used [0x00000000e0000000,0x00000000e0000000,0x00000000e8880000)
  from space 15872K, 3% used [0x00000000ebe80000,0x00000000ebf18000,0x00000000ece00000)
  to   space 14336K, 0% used [0x00000000e8880000,0x00000000e8880000,0x00000000e9680000)
 ParOldGen       total 87552K, used 31820K [0x00000000a0000000, 0x00000000a5580000, 0x00000000e0000000)
  object space 87552K, 36% used [0x00000000a0000000,0x00000000a1f133a0,0x00000000a5580000)
 Metaspace       used 57616K, capacity 59086K, committed 59136K, reserved 1099776K
  class space    used 7806K, capacity 8180K, committed 8192K, reserved 1048576K
}
Event: 9.037 GC heap before
{Heap before GC invocations=15 (full 3):
 PSYoungGen      total 155648K, used 608K [0x00000000e0000000, 0x00000000ece00000, 0x0000000100000000)
  eden space 139776K, 0% used [0x00000000e0000000,0x00000000e0000000,0x00000000e8880000)
  from space 15872K, 3% used [0x00000000ebe80000,0x00000000ebf18000,0x00000000ece00000)
  to   space 14336K, 0% used [0x00000000e8880000,0x00000000e8880000,0x00000000e9680000)
 ParOldGen       total 87552K, used 31820K [0x00000000a0000000, 0x00000000a5580000, 0x00000000e0000000)
  object space 87552K, 36% used [0x00000000a0000000,0x00000000a1f133a0,0x00000000a5580000)
 Metaspace       used 57616K, capacity 59086K, committed 59136K, reserved 1099776K
  class space    used 7806K, capacity 8180K, committed 8192K, reserved 1048576K
Event: 9.250 GC heap after
Heap after GC invocations=15 (full 3):
 PSYoungGen      total 155648K, used 0K [0x00000000e0000000, 0x00000000ece00000, 0x0000000100000000)
  eden space 139776K, 0% used [0x00000000e0000000,0x00000000e0000000,0x00000000e8880000)
  from space 15872K, 0% used [0x00000000ebe80000,0x00000000ebe80000,0x00000000ece00000)
  to   space 14336K, 0% used [0x00000000e8880000,0x00000000e8880000,0x00000000e9680000)
 ParOldGen       total 87552K, used 27283K [0x00000000a0000000, 0x00000000a5580000, 0x00000000e0000000)
  object space 87552K, 31% used [0x00000000a0000000,0x00000000a1aa4e38,0x00000000a5580000)
 Metaspace       used 57616K, capacity 59086K, committed 59136K, reserved 1099776K
  class space    used 7806K, capacity 8180K, committed 8192K, reserved 1048576K
}

