# JRE version: OpenJDK Runtime Environment (8.0_152-b01) (build 1.8.0_152-release-1343-b01)
# Java VM: OpenJDK 64-Bit Server VM (25.152-b01 mixed mode windows-amd64 compressed oops)
Heap:
 PSYoungGen      total 210944K, used 59219K [0x00000000e0000000, 0x00000000edf00000, 0x0000000100000000)
  eden space 196608K, 30% used [0x00000000e0000000,0x00000000e39d4fb8,0x00000000ec000000)
  from space 14336K, 0% used [0x00000000ed100000,0x00000000ed100000,0x00000000edf00000)
  to   space 15872K, 0% used [0x00000000ec000000,0x00000000ec000000,0x00000000ecf80000)
 ParOldGen       total 110080K, used 17292K [0x00000000a0000000, 0x00000000a6b80000, 0x00000000e0000000)
  object space 110080K, 15% used [0x00000000a0000000,0x00000000a10e3028,0x00000000a6b80000)
 Metaspace       used 41639K, capacity 42514K, committed 42920K, reserved 1085440K
  class space    used 5662K, capacity 5934K, committed 6056K, reserved 1048576K
GC Heap History (10 events):
Event: 2.724 GC heap before
{Heap before GC invocations=4 (full 0):
 PSYoungGen      total 71680K, used 51822K [0x00000000e0000000, 0x00000000e8c00000, 0x0000000100000000)
  eden space 66560K, 70% used [0x00000000e0000000,0x00000000e2da3aa8,0x00000000e4100000)
  from space 5120K, 99% used [0x00000000e4100000,0x00000000e45f8040,0x00000000e4600000)
  to   space 5120K, 0% used [0x00000000e8700000,0x00000000e8700000,0x00000000e8c00000)
 ParOldGen       total 87552K, used 5461K [0x00000000a0000000, 0x00000000a5580000, 0x00000000e0000000)
  object space 87552K, 6% used [0x00000000a0000000,0x00000000a0555430,0x00000000a5580000)
 Metaspace       used 20725K, capacity 21176K, committed 21296K, reserved 1067008K
  class space    used 2914K, capacity 3125K, committed 3200K, reserved 1048576K
Event: 2.741 GC heap after
Heap after GC invocations=4 (full 0):
 PSYoungGen      total 138240K, used 5108K [0x00000000e0000000, 0x00000000e8c00000, 0x0000000100000000)
  eden space 133120K, 0% used [0x00000000e0000000,0x00000000e0000000,0x00000000e8200000)
  from space 5120K, 99% used [0x00000000e8700000,0x00000000e8bfd040,0x00000000e8c00000)
  to   space 5120K, 0% used [0x00000000e8200000,0x00000000e8200000,0x00000000e8700000)
 ParOldGen       total 87552K, used 11026K [0x00000000a0000000, 0x00000000a5580000, 0x00000000e0000000)
  object space 87552K, 12% used [0x00000000a0000000,0x00000000a0ac48a0,0x00000000a5580000)
 Metaspace       used 20725K, capacity 21176K, committed 21296K, reserved 1067008K
  class space    used 2914K, capacity 3125K, committed 3200K, reserved 1048576K
}
Event: 2.741 GC heap before
{Heap before GC invocations=5 (full 1):
 PSYoungGen      total 138240K, used 5108K [0x00000000e0000000, 0x00000000e8c00000, 0x0000000100000000)
  eden space 133120K, 0% used [0x00000000e0000000,0x00000000e0000000,0x00000000e8200000)
  from space 5120K, 99% used [0x00000000e8700000,0x00000000e8bfd040,0x00000000e8c00000)
  to   space 5120K, 0% used [0x00000000e8200000,0x00000000e8200000,0x00000000e8700000)
 ParOldGen       total 87552K, used 11026K [0x00000000a0000000, 0x00000000a5580000, 0x00000000e0000000)
  object space 87552K, 12% used [0x00000000a0000000,0x00000000a0ac48a0,0x00000000a5580000)
 Metaspace       used 20725K, capacity 21176K, committed 21296K, reserved 1067008K
  class space    used 2914K, capacity 3125K, committed 3200K, reserved 1048576K
Event: 2.782 GC heap after
Heap after GC invocations=5 (full 1):
 PSYoungGen      total 138240K, used 0K [0x00000000e0000000, 0x00000000e8c00000, 0x0000000100000000)
  eden space 133120K, 0% used [0x00000000e0000000,0x00000000e0000000,0x00000000e8200000)
  from space 5120K, 0% used [0x00000000e8700000,0x00000000e8700000,0x00000000e8c00000)
  to   space 5120K, 0% used [0x00000000e8200000,0x00000000e8200000,0x00000000e8700000)
 ParOldGen       total 68608K, used 10665K [0x00000000a0000000, 0x00000000a4300000, 0x00000000e0000000)
  object space 68608K, 15% used [0x00000000a0000000,0x00000000a0a6a550,0x00000000a4300000)
 Metaspace       used 20725K, capacity 21176K, committed 21296K, reserved 1067008K
  class space    used 2914K, capacity 3125K, committed 3200K, reserved 1048576K
}
Event: 4.501 GC heap before
{Heap before GC invocations=6 (full 1):
 PSYoungGen      total 138240K, used 133120K [0x00000000e0000000, 0x00000000e8c00000, 0x0000000100000000)
  eden space 133120K, 100% used [0x00000000e0000000,0x00000000e8200000,0x00000000e8200000)
  from space 5120K, 0% used [0x00000000e8700000,0x00000000e8700000,0x00000000e8c00000)
  to   space 5120K, 0% used [0x00000000e8200000,0x00000000e8200000,0x00000000e8700000)
 ParOldGen       total 68608K, used 10665K [0x00000000a0000000, 0x00000000a4300000, 0x00000000e0000000)
  object space 68608K, 15% used [0x00000000a0000000,0x00000000a0a6a550,0x00000000a4300000)
 Metaspace       used 32284K, capacity 32878K, committed 33152K, reserved 1077248K
  class space    used 4446K, capacity 4643K, committed 4736K, reserved 1048576K
Event: 4.522 GC heap after
Heap after GC invocations=6 (full 1):
 PSYoungGen      total 138240K, used 5120K [0x00000000e0000000, 0x00000000ee100000, 0x0000000100000000)
  eden space 133120K, 0% used [0x00000000e0000000,0x00000000e0000000,0x00000000e8200000)
  from space 5120K, 100% used [0x00000000e8200000,0x00000000e8700000,0x00000000e8700000)
  to   space 16384K, 0% used [0x00000000ed100000,0x00000000ed100000,0x00000000ee100000)
 ParOldGen       total 68608K, used 19168K [0x00000000a0000000, 0x00000000a4300000, 0x00000000e0000000)
  object space 68608K, 27% used [0x00000000a0000000,0x00000000a12b8110,0x00000000a4300000)
 Metaspace       used 32284K, capacity 32878K, committed 33152K, reserved 1077248K
  class space    used 4446K, capacity 4643K, committed 4736K, reserved 1048576K
}
Event: 5.313 GC heap before
{Heap before GC invocations=7 (full 1):
 PSYoungGen      total 138240K, used 58997K [0x00000000e0000000, 0x00000000ee100000, 0x0000000100000000)
  eden space 133120K, 40% used [0x00000000e0000000,0x00000000e349d640,0x00000000e8200000)
  from space 5120K, 100% used [0x00000000e8200000,0x00000000e8700000,0x00000000e8700000)
  to   space 16384K, 0% used [0x00000000ed100000,0x00000000ed100000,0x00000000ee100000)
 ParOldGen       total 68608K, used 19168K [0x00000000a0000000, 0x00000000a4300000, 0x00000000e0000000)
  object space 68608K, 27% used [0x00000000a0000000,0x00000000a12b8110,0x00000000a4300000)
 Metaspace       used 34727K, capacity 35426K, committed 35496K, reserved 1079296K
  class space    used 4789K, capacity 5005K, committed 5032K, reserved 1048576K
Event: 5.323 GC heap after
Heap after GC invocations=7 (full 1):
 PSYoungGen      total 210944K, used 9589K [0x00000000e0000000, 0x00000000edf00000, 0x0000000100000000)
  eden space 196608K, 0% used [0x00000000e0000000,0x00000000e0000000,0x00000000ec000000)
  from space 14336K, 66% used [0x00000000ed100000,0x00000000eda5d638,0x00000000edf00000)
  to   space 15872K, 0% used [0x00000000ec000000,0x00000000ec000000,0x00000000ecf80000)
 ParOldGen       total 68608K, used 19176K [0x00000000a0000000, 0x00000000a4300000, 0x00000000e0000000)
  object space 68608K, 27% used [0x00000000a0000000,0x00000000a12ba110,0x00000000a4300000)
 Metaspace       used 34727K, capacity 35426K, committed 35496K, reserved 1079296K
  class space    used 4789K, capacity 5005K, committed 5032K, reserved 1048576K
}
Event: 5.323 GC heap before
{Heap before GC invocations=8 (full 2):
 PSYoungGen      total 210944K, used 9589K [0x00000000e0000000, 0x00000000edf00000, 0x0000000100000000)
  eden space 196608K, 0% used [0x00000000e0000000,0x00000000e0000000,0x00000000ec000000)
  from space 14336K, 66% used [0x00000000ed100000,0x00000000eda5d638,0x00000000edf00000)
  to   space 15872K, 0% used [0x00000000ec000000,0x00000000ec000000,0x00000000ecf80000)
 ParOldGen       total 68608K, used 19176K [0x00000000a0000000, 0x00000000a4300000, 0x00000000e0000000)
  object space 68608K, 27% used [0x00000000a0000000,0x00000000a12ba110,0x00000000a4300000)
 Metaspace       used 34727K, capacity 35426K, committed 35496K, reserved 1079296K
  class space    used 4789K, capacity 5005K, committed 5032K, reserved 1048576K
Event: 5.403 GC heap after
Heap after GC invocations=8 (full 2):
 PSYoungGen      total 210944K, used 0K [0x00000000e0000000, 0x00000000edf00000, 0x0000000100000000)
  eden space 196608K, 0% used [0x00000000e0000000,0x00000000e0000000,0x00000000ec000000)
  from space 14336K, 0% used [0x00000000ed100000,0x00000000ed100000,0x00000000edf00000)
  to   space 15872K, 0% used [0x00000000ec000000,0x00000000ec000000,0x00000000ecf80000)
 ParOldGen       total 110080K, used 17292K [0x00000000a0000000, 0x00000000a6b80000, 0x00000000e0000000)
  object space 110080K, 15% used [0x00000000a0000000,0x00000000a10e3028,0x00000000a6b80000)
 Metaspace       used 34720K, capacity 35402K, committed 35496K, reserved 1079296K
  class space    used 4787K, capacity 5001K, committed 5032K, reserved 1048576K
}

