# JRE version: OpenJDK Runtime Environment (8.0_152-b01) (build 1.8.0_152-release-1343-b01)
# Java VM: OpenJDK 64-Bit Server VM (25.152-b01 mixed mode windows-amd64 compressed oops)
Heap:
 PSYoungGen      total 360960K, used 323174K [0x00000000e0000000, 0x00000000f7580000, 0x0000000100000000)
  eden space 339456K, 88% used [0x00000000e0000000,0x00000000f269ccb8,0x00000000f4b80000)
  from space 21504K, 99% used [0x00000000f4b80000,0x00000000f607cc30,0x00000000f6080000)
  to   space 20992K, 0% used [0x00000000f6100000,0x00000000f6100000,0x00000000f7580000)
 ParOldGen       total 163840K, used 56821K [0x00000000a0000000, 0x00000000aa000000, 0x00000000e0000000)
  object space 163840K, 34% used [0x00000000a0000000,0x00000000a377d6c0,0x00000000aa000000)
 Metaspace       used 95658K, capacity 99406K, committed 100632K, reserved 1136640K
  class space    used 12056K, capacity 12790K, committed 13096K, reserved 1048576K
GC Heap History (10 events):
Event: 2004.200 GC heap before
{Heap before GC invocations=19 (full 3):
 PSYoungGen      total 256000K, used 247672K [0x00000000e0000000, 0x00000000f4a00000, 0x0000000100000000)
  eden space 239104K, 100% used [0x00000000e0000000,0x00000000ee980000,0x00000000ee980000)
  from space 16896K, 50% used [0x00000000ee980000,0x00000000ef1de110,0x00000000efa00000)
  to   space 15872K, 0% used [0x00000000f3a80000,0x00000000f3a80000,0x00000000f4a00000)
 ParOldGen       total 112640K, used 38819K [0x00000000a0000000, 0x00000000a6e00000, 0x00000000e0000000)
  object space 112640K, 34% used [0x00000000a0000000,0x00000000a25e8e50,0x00000000a6e00000)
 Metaspace       used 81450K, capacity 84186K, committed 84504K, reserved 1122304K
  class space    used 10410K, capacity 11043K, committed 11048K, reserved 1048576K
Event: 2004.228 GC heap after
Heap after GC invocations=19 (full 3):
 PSYoungGen      total 311808K, used 14012K [0x00000000e0000000, 0x00000000f4880000, 0x0000000100000000)
  eden space 297472K, 0% used [0x00000000e0000000,0x00000000e0000000,0x00000000f2280000)
  from space 14336K, 97% used [0x00000000f3a80000,0x00000000f482f0b8,0x00000000f4880000)
  to   space 17408K, 0% used [0x00000000f2680000,0x00000000f2680000,0x00000000f3780000)
 ParOldGen       total 112640K, used 38827K [0x00000000a0000000, 0x00000000a6e00000, 0x00000000e0000000)
  object space 112640K, 34% used [0x00000000a0000000,0x00000000a25eae50,0x00000000a6e00000)
 Metaspace       used 81450K, capacity 84186K, committed 84504K, reserved 1122304K
  class space    used 10410K, capacity 11043K, committed 11048K, reserved 1048576K
}
Event: 2011.824 GC heap before
{Heap before GC invocations=20 (full 3):
 PSYoungGen      total 311808K, used 311484K [0x00000000e0000000, 0x00000000f4880000, 0x0000000100000000)
  eden space 297472K, 100% used [0x00000000e0000000,0x00000000f2280000,0x00000000f2280000)
  from space 14336K, 97% used [0x00000000f3a80000,0x00000000f482f0b8,0x00000000f4880000)
  to   space 17408K, 0% used [0x00000000f2680000,0x00000000f2680000,0x00000000f3780000)
 ParOldGen       total 112640K, used 38827K [0x00000000a0000000, 0x00000000a6e00000, 0x00000000e0000000)
  object space 112640K, 34% used [0x00000000a0000000,0x00000000a25eae50,0x00000000a6e00000)
 Metaspace       used 93361K, capacity 97458K, committed 97560K, reserved 1134592K
  class space    used 11929K, capacity 12780K, committed 12840K, reserved 1048576K
Event: 2011.851 GC heap after
Heap after GC invocations=20 (full 3):
 PSYoungGen      total 318976K, used 17379K [0x00000000e0000000, 0x00000000f7700000, 0x0000000100000000)
  eden space 301568K, 0% used [0x00000000e0000000,0x00000000e0000000,0x00000000f2680000)
  from space 17408K, 99% used [0x00000000f2680000,0x00000000f3778cf8,0x00000000f3780000)
  to   space 22528K, 0% used [0x00000000f6100000,0x00000000f6100000,0x00000000f7700000)
 ParOldGen       total 112640K, used 46633K [0x00000000a0000000, 0x00000000a6e00000, 0x00000000e0000000)
  object space 112640K, 41% used [0x00000000a0000000,0x00000000a2d8a590,0x00000000a6e00000)
 Metaspace       used 93361K, capacity 97458K, committed 97560K, reserved 1134592K
  class space    used 11929K, capacity 12780K, committed 12840K, reserved 1048576K
}
Event: 2013.388 GC heap before
{Heap before GC invocations=21 (full 3):
 PSYoungGen      total 318976K, used 55376K [0x00000000e0000000, 0x00000000f7700000, 0x0000000100000000)
  eden space 301568K, 12% used [0x00000000e0000000,0x00000000e251b500,0x00000000f2680000)
  from space 17408K, 99% used [0x00000000f2680000,0x00000000f3778cf8,0x00000000f3780000)
  to   space 22528K, 0% used [0x00000000f6100000,0x00000000f6100000,0x00000000f7700000)
 ParOldGen       total 112640K, used 46633K [0x00000000a0000000, 0x00000000a6e00000, 0x00000000e0000000)
  object space 112640K, 41% used [0x00000000a0000000,0x00000000a2d8a590,0x00000000a6e00000)
 Metaspace       used 94423K, capacity 98452K, committed 98600K, reserved 1134592K
  class space    used 12041K, capacity 12865K, committed 12968K, reserved 1048576K
Event: 2013.404 GC heap after
Heap after GC invocations=21 (full 3):
 PSYoungGen      total 360448K, used 8120K [0x00000000e0000000, 0x00000000f7580000, 0x0000000100000000)
  eden space 339456K, 0% used [0x00000000e0000000,0x00000000e0000000,0x00000000f4b80000)
  from space 20992K, 38% used [0x00000000f6100000,0x00000000f68ee0b0,0x00000000f7580000)
  to   space 21504K, 0% used [0x00000000f4b80000,0x00000000f4b80000,0x00000000f6080000)
 ParOldGen       total 112640K, used 55312K [0x00000000a0000000, 0x00000000a6e00000, 0x00000000e0000000)
  object space 112640K, 49% used [0x00000000a0000000,0x00000000a36041a0,0x00000000a6e00000)
 Metaspace       used 94423K, capacity 98452K, committed 98600K, reserved 1134592K
  class space    used 12041K, capacity 12865K, committed 12968K, reserved 1048576K
}
Event: 2013.404 GC heap before
{Heap before GC invocations=22 (full 4):
 PSYoungGen      total 360448K, used 8120K [0x00000000e0000000, 0x00000000f7580000, 0x0000000100000000)
  eden space 339456K, 0% used [0x00000000e0000000,0x00000000e0000000,0x00000000f4b80000)
  from space 20992K, 38% used [0x00000000f6100000,0x00000000f68ee0b0,0x00000000f7580000)
  to   space 21504K, 0% used [0x00000000f4b80000,0x00000000f4b80000,0x00000000f6080000)
 ParOldGen       total 112640K, used 55312K [0x00000000a0000000, 0x00000000a6e00000, 0x00000000e0000000)
  object space 112640K, 49% used [0x00000000a0000000,0x00000000a36041a0,0x00000000a6e00000)
 Metaspace       used 94423K, capacity 98452K, committed 98600K, reserved 1134592K
  class space    used 12041K, capacity 12865K, committed 12968K, reserved 1048576K
Event: 2013.660 GC heap after
Heap after GC invocations=22 (full 4):
 PSYoungGen      total 360448K, used 0K [0x00000000e0000000, 0x00000000f7580000, 0x0000000100000000)
  eden space 339456K, 0% used [0x00000000e0000000,0x00000000e0000000,0x00000000f4b80000)
  from space 20992K, 0% used [0x00000000f6100000,0x00000000f6100000,0x00000000f7580000)
  to   space 21504K, 0% used [0x00000000f4b80000,0x00000000f4b80000,0x00000000f6080000)
 ParOldGen       total 163840K, used 43518K [0x00000000a0000000, 0x00000000aa000000, 0x00000000e0000000)
  object space 163840K, 26% used [0x00000000a0000000,0x00000000a2a7faa8,0x00000000aa000000)
 Metaspace       used 92590K, capacity 95698K, committed 98600K, reserved 1134592K
  class space    used 11756K, capacity 12386K, committed 12968K, reserved 1048576K
}
Event: 2260.590 GC heap before
{Heap before GC invocations=23 (full 4):
 PSYoungGen      total 360448K, used 339456K [0x00000000e0000000, 0x00000000f7580000, 0x0000000100000000)
  eden space 339456K, 100% used [0x00000000e0000000,0x00000000f4b80000,0x00000000f4b80000)
  from space 20992K, 0% used [0x00000000f6100000,0x00000000f6100000,0x00000000f7580000)
  to   space 21504K, 0% used [0x00000000f4b80000,0x00000000f4b80000,0x00000000f6080000)
 ParOldGen       total 163840K, used 43518K [0x00000000a0000000, 0x00000000aa000000, 0x00000000e0000000)
  object space 163840K, 26% used [0x00000000a0000000,0x00000000a2a7faa8,0x00000000aa000000)
 Metaspace       used 94803K, capacity 98276K, committed 99480K, reserved 1136640K
  class space    used 12014K, capacity 12713K, committed 12968K, reserved 1048576K
Event: 2260.643 GC heap after
Heap after GC invocations=23 (full 4):
 PSYoungGen      total 360960K, used 21491K [0x00000000e0000000, 0x00000000f7580000, 0x0000000100000000)
  eden space 339456K, 0% used [0x00000000e0000000,0x00000000e0000000,0x00000000f4b80000)
  from space 21504K, 99% used [0x00000000f4b80000,0x00000000f607cc30,0x00000000f6080000)
  to   space 20992K, 0% used [0x00000000f6100000,0x00000000f6100000,0x00000000f7580000)
 ParOldGen       total 163840K, used 56821K [0x00000000a0000000, 0x00000000aa000000, 0x00000000e0000000)
  object space 163840K, 34% used [0x00000000a0000000,0x00000000a377d6c0,0x00000000aa000000)
 Metaspace       used 94803K, capacity 98276K, committed 99480K, reserved 1136640K
  class space    used 12014K, capacity 12713K, committed 12968K, reserved 1048576K
}

